Using pre-set license
Built from '2020.3/staging' branch; Version is '2020.3.18f1 (a7d1c678663c) revision 10998214'; Using compiler version '192528614'; Build Type 'Release'
OS: 'Windows 10 Home Single Language; OS build 19042.985; Version 2009; 64bit' Language: 'pt' Physical Memory: 8126 MB
BatchMode: 1, IsHumanControllingUs: 0, StartBugReporterOnCrash: 0, Is64bit: 1, IsPro: 0

COMMAND LINE ARGUMENTS:
C:\Program Files\Unity\Hub\Editor\2020.3.18f1\Editor\Unity.exe
-adb2
-batchMode
-noUpm
-name
AssetImportWorker12
-projectPath
C:/Users/bruno/Documents/NPNB/PB COM CUIDADO
-logFile
Logs/AssetImportWorker12.log
-srvPort
65058
Successfully changed project path to: C:/Users/bruno/Documents/NPNB/PB COM CUIDADO
C:/Users/bruno/Documents/NPNB/PB COM CUIDADO
Using Asset Import Pipeline V2.
Refreshing native plugins compatible for Editor in 108.51 ms, found 3 plugins.
Preloading 0 native plugins for Editor in 0.00 ms.
Initialize engine version: 2020.3.18f1 (a7d1c678663c)
[Subsystems] Discovering subsystems at path C:/Program Files/Unity/Hub/Editor/2020.3.18f1/Editor/Data/Resources/UnitySubsystems
[Subsystems] Discovering subsystems at path C:/Users/bruno/Documents/NPNB/PB COM CUIDADO/Assets
GfxDevice: creating device client; threaded=0
Direct3D:
    Version:  Direct3D 11.0 [level 11.1]
    Renderer: NVIDIA GeForce GTX 1650 (ID=0x1f91)
    Vendor:   
    VRAM:     3962 MB
    Driver:   30.0.14.7168
Initialize mono
Mono path[0] = 'C:/Program Files/Unity/Hub/Editor/2020.3.18f1/Editor/Data/Managed'
Mono path[1] = 'C:/Program Files/Unity/Hub/Editor/2020.3.18f1/Editor/Data/MonoBleedingEdge/lib/mono/unityjit'
Mono config path = 'C:/Program Files/Unity/Hub/Editor/2020.3.18f1/Editor/Data/MonoBleedingEdge/etc'
Using monoOptions --debugger-agent=transport=dt_socket,embedding=1,server=y,suspend=n,address=127.0.0.1:56172
Begin MonoManager ReloadAssembly
Registering precompiled unity dll's ...
Register platform support module: C:/Program Files/Unity/Hub/Editor/2020.3.18f1/Editor/Data/PlaybackEngines/WindowsStandaloneSupport/UnityEditor.WindowsStandalone.Extensions.dll
Registered in 0.003454 seconds.
Native extension for WindowsStandalone target not found
Refreshing native plugins compatible for Editor in 108.62 ms, found 3 plugins.
Preloading 0 native plugins for Editor in 0.00 ms.
Mono: successfully reloaded assembly
- Completed reload, in  2.057 seconds
Domain Reload Profiling:
	ReloadAssembly (2057ms)
		BeginReloadAssembly (115ms)
			ExecutionOrderSort (0ms)
			DisableScriptedObjects (0ms)
			BackupInstance (0ms)
			ReleaseScriptingObjects (0ms)
			CreateAndSetChildDomain (1ms)
		EndReloadAssembly (829ms)
			LoadAssemblies (110ms)
			RebuildTransferFunctionScriptingTraits (0ms)
			SetupTypeCache (304ms)
			ReleaseScriptCaches (0ms)
			RebuildScriptCaches (62ms)
			SetupLoadedEditorAssemblies (338ms)
				LogAssemblyErrors (0ms)
				InitializePlatformSupportModulesInManaged (7ms)
				SetLoadedEditorAssemblies (0ms)
				RefreshPlugins (109ms)
				BeforeProcessingInitializeOnLoad (27ms)
				ProcessInitializeOnLoadAttributes (141ms)
				ProcessInitializeOnLoadMethodAttributes (54ms)
				AfterProcessingInitializeOnLoad (0ms)
				EditorAssembliesLoaded (0ms)
			ExecutionOrderSort2 (0ms)
			AwakeInstancesAfterBackupRestoration (0ms)
Platform modules already initialized, skipping
Registering precompiled user dll's ...
Registered in 0.005910 seconds.
Begin MonoManager ReloadAssembly
Native extension for WindowsStandalone target not found
Refreshing native plugins compatible for Editor in 101.56 ms, found 3 plugins.
Preloading 0 native plugins for Editor in 0.00 ms.
Mono: successfully reloaded assembly
- Completed reload, in  3.295 seconds
Domain Reload Profiling:
	ReloadAssembly (3296ms)
		BeginReloadAssembly (285ms)
			ExecutionOrderSort (0ms)
			DisableScriptedObjects (7ms)
			BackupInstance (0ms)
			ReleaseScriptingObjects (0ms)
			CreateAndSetChildDomain (35ms)
		EndReloadAssembly (2889ms)
			LoadAssemblies (168ms)
			RebuildTransferFunctionScriptingTraits (0ms)
			SetupTypeCache (562ms)
			ReleaseScriptCaches (1ms)
			RebuildScriptCaches (97ms)
			SetupLoadedEditorAssemblies (1812ms)
				LogAssemblyErrors (0ms)
				InitializePlatformSupportModulesInManaged (7ms)
				SetLoadedEditorAssemblies (0ms)
				RefreshPlugins (102ms)
				BeforeProcessingInitializeOnLoad (141ms)
				ProcessInitializeOnLoadAttributes (1526ms)
				ProcessInitializeOnLoadMethodAttributes (23ms)
				AfterProcessingInitializeOnLoad (13ms)
				EditorAssembliesLoaded (0ms)
			ExecutionOrderSort2 (0ms)
			AwakeInstancesAfterBackupRestoration (12ms)
Platform modules already initialized, skipping
========================================================================
Worker process is ready to serve import requests
Launched and connected shader compiler UnityShaderCompiler.exe after 2.81 seconds
Refreshing native plugins compatible for Editor in 1.75 ms, found 3 plugins.
Preloading 0 native plugins for Editor in 0.00 ms.
Unloading 2194 Unused Serialized files (Serialized files now loaded: 0)
System memory in use before: 100.8 MB.
System memory in use after: 100.9 MB.

Unloading 26 unused Assets to reduce memory usage. Loaded Objects now: 2642.
Total: 6.964700 ms (FindLiveObjects: 0.326100 ms CreateObjectMapping: 0.146800 ms MarkObjects: 6.381100 ms  DeleteObjects: 0.108400 ms)

AssetImportParameters requested are different than current active one (requested -> active):
  custom:framework-win-MediaFoundation: 216162199b28c13a410421893ffa2e32 -> 
  custom:video-decoder-ogg-theora: a1e56fd34408186e4bbccfd4996cb3dc -> 
  custom:container-muxer-webm: aa71ff27fc2769a1b78a27578f13a17b -> 
  custom:container-demuxer-webm: 4f35f7cbe854078d1ac9338744f61a02 -> 
  custom:container-demuxer-ogg: 62fdf1f143b41e24485cea50d1cbac27 -> 
  custom:video-encoder-webm-vp8: eb34c28f22e8b96e1ab97ce403110664 -> 
  custom:video-codec-MediaFoundation-h265: 746d11721c4dcdbdad8f713fa42b33f4 -> 
  custom:video-decoder-webm-vp8: 9c59270c3fd7afecdb556c50c9e8de78 -> 
  custom:audio-decoder-ogg-vorbis: bf7c407c2cedff20999df2af8eb42d56 -> 
  custom:audio-encoder-webm-vorbis: bf7c407c2cedff20999df2af8eb42d56 -> 
========================================================================
Received Import Request.
  path: Assets/Space Shooter Visual Assets/PNG/Damage/playerShip1_damage1.png
  artifactKey: Guid(95303224da2185f4da5cba9c0dcdc0a8) Importer(815301076,1909f56bfc062723c751e8b465ee728b)
Start importing Assets/Space Shooter Visual Assets/PNG/Damage/playerShip1_damage1.png using Guid(95303224da2185f4da5cba9c0dcdc0a8) Importer(815301076,1909f56bfc062723c751e8b465ee728b)  -> (artifact id: 'ab2a7ea4be68b7e0f21ba02a5c9b9b80') in 15.959554 seconds 
  Import took 15.965878 seconds .

========================================================================
Received Import Request.
  Time since last request: 0.000413 seconds.
  path: Assets/Prefabs/Nave/PlayerLaser.prefab
  artifactKey: Guid(60f80d4eb19e2ec45a24f8967d3474f6) Importer(815301076,1909f56bfc062723c751e8b465ee728b)
Start importing Assets/Prefabs/Nave/PlayerLaser.prefab using Guid(60f80d4eb19e2ec45a24f8967d3474f6) Importer(815301076,1909f56bfc062723c751e8b465ee728b)  -> (artifact id: '00f70b2c7f090b039ad392992aa2bd47') in 1.856766 seconds 
  Import took 1.862031 seconds .

========================================================================
Received Import Request.
  Time since last request: 0.000351 seconds.
  path: Assets/Prefabs/Caverna/MataPlayerTela.prefab
  artifactKey: Guid(1e3d759db8955404ab48d664a98fe396) Importer(815301076,1909f56bfc062723c751e8b465ee728b)
Start importing Assets/Prefabs/Caverna/MataPlayerTela.prefab using Guid(1e3d759db8955404ab48d664a98fe396) Importer(815301076,1909f56bfc062723c751e8b465ee728b)  -> (artifact id: '36e2f756b41bbaebd9b268b7112e2f8f') in 0.310241 seconds 
  Import took 0.316849 seconds .

========================================================================
Received Import Request.
  Time since last request: 0.000336 seconds.
  path: Assets/Imagens/Main Menu/No Pink No Blue.png
  artifactKey: Guid(aa024d985ab757b4a88331dbb416ddad) Importer(815301076,1909f56bfc062723c751e8b465ee728b)
Start importing Assets/Imagens/Main Menu/No Pink No Blue.png using Guid(aa024d985ab757b4a88331dbb416ddad) Importer(815301076,1909f56bfc062723c751e8b465ee728b)  -> (artifact id: '994e1a36ec9be0de474aba88fcee3d70') in 0.604999 seconds 
  Import took 0.611320 seconds .

========================================================================
Received Import Request.
  Time since last request: 0.000426 seconds.
  path: Assets/Space Shooter Visual Assets/PNG/UI/playerLife3_blue.png
  artifactKey: Guid(0617dd2bc1412254393574814f2619d7) Importer(815301076,1909f56bfc062723c751e8b465ee728b)
Start importing Assets/Space Shooter Visual Assets/PNG/UI/playerLife3_blue.png using Guid(0617dd2bc1412254393574814f2619d7) Importer(815301076,1909f56bfc062723c751e8b465ee728b)  -> (artifact id: '4e5bacca9a4cf8dd97dfb49360e44c09') in 0.113914 seconds 
  Import took 0.119805 seconds .

========================================================================
Received Import Request.
  Time since last request: 0.000307 seconds.
  path: Assets/Scripts/Cave/PlayerCav.cs
  artifactKey: Guid(07dfb342ee748e948a98b3fe0dcc3fb1) Importer(815301076,1909f56bfc062723c751e8b465ee728b)
Start importing Assets/Scripts/Cave/PlayerCav.cs using Guid(07dfb342ee748e948a98b3fe0dcc3fb1) Importer(815301076,1909f56bfc062723c751e8b465ee728b)  -> (artifact id: 'cabdc4011649f0c1fb0bcff14cd90646') in 0.278947 seconds 
  Import took 0.285620 seconds .

========================================================================
Received Import Request.
  Time since last request: 0.000375 seconds.
  path: Assets/Imagens/Caverna/Tiles.png
  artifactKey: Guid(d1c7b082b9af5c34abd71534cf0291f7) Importer(815301076,1909f56bfc062723c751e8b465ee728b)
Start importing Assets/Imagens/Caverna/Tiles.png using Guid(d1c7b082b9af5c34abd71534cf0291f7) Importer(815301076,1909f56bfc062723c751e8b465ee728b)  -> (artifact id: '5661aa18d10079c4ecd8394026dada13') in 0.438154 seconds 
  Import took 0.444434 seconds .

========================================================================
Received Import Request.
  Time since last request: 0.000486 seconds.
  path: Assets/Space Shooter Visual Assets/PNG/UI/playerLife2_red.png
  artifactKey: Guid(6a84a1ae2c972b74cbe03dd3c7f7fa24) Importer(815301076,1909f56bfc062723c751e8b465ee728b)
Start importing Assets/Space Shooter Visual Assets/PNG/UI/playerLife2_red.png using Guid(6a84a1ae2c972b74cbe03dd3c7f7fa24) Importer(815301076,1909f56bfc062723c751e8b465ee728b)  -> (artifact id: '51deae8a6bb7a749be76cf311181d328') in 0.322733 seconds 
  Import took 0.330299 seconds .

========================================================================
Received Import Request.
  Time since last request: 0.000349 seconds.
  path: Assets/Space Shooter Visual Assets/PNG/UI/playerLife2_blue.png
  artifactKey: Guid(bc99c9d5bd78f2b4294e9f8682e81bc6) Importer(815301076,1909f56bfc062723c751e8b465ee728b)
Start importing Assets/Space Shooter Visual Assets/PNG/UI/playerLife2_blue.png using Guid(bc99c9d5bd78f2b4294e9f8682e81bc6) Importer(815301076,1909f56bfc062723c751e8b465ee728b)  -> (artifact id: '2f899ce8cb5ef10ac2c92bc9352c49bd') in 0.181736 seconds 
  Import took 0.187732 seconds .

========================================================================
Received Import Request.
  Time since last request: 0.000303 seconds.
  path: Assets/Space Shooter Visual Assets/PNG/playerShip2_orange.png
  artifactKey: Guid(f987a1a77e97cfd4bb5d61a85e323006) Importer(815301076,1909f56bfc062723c751e8b465ee728b)
Start importing Assets/Space Shooter Visual Assets/PNG/playerShip2_orange.png using Guid(f987a1a77e97cfd4bb5d61a85e323006) Importer(815301076,1909f56bfc062723c751e8b465ee728b)  -> (artifact id: '9993ac679d5fa75e6caed1f3683bae9a') in 0.182540 seconds 
  Import took 0.187951 seconds .

========================================================================
Received Import Request.
  Time since last request: 0.000391 seconds.
  path: Assets/Space Shooter Visual Assets/PNG/UI/playerLife3_orange.png
  artifactKey: Guid(dedff8c98660d044bbae0dfb8dd60244) Importer(815301076,1909f56bfc062723c751e8b465ee728b)
Start importing Assets/Space Shooter Visual Assets/PNG/UI/playerLife3_orange.png using Guid(dedff8c98660d044bbae0dfb8dd60244) Importer(815301076,1909f56bfc062723c751e8b465ee728b)  -> (artifact id: '41759be3906eb27b3590ad47f751568a') in 0.292879 seconds 
  Import took 0.298111 seconds .

========================================================================
Received Import Request.
  Time since last request: 0.000362 seconds.
  path: Assets/Space Shooter Visual Assets/PNG/Damage/playerShip2_damage1.png
  artifactKey: Guid(276e3c6fc06cc26469b756d9f9a3263d) Importer(815301076,1909f56bfc062723c751e8b465ee728b)
Start importing Assets/Space Shooter Visual Assets/PNG/Damage/playerShip2_damage1.png using Guid(276e3c6fc06cc26469b756d9f9a3263d) Importer(815301076,1909f56bfc062723c751e8b465ee728b)  -> (artifact id: 'c495fca37ef68e47e9105ec4aff46193') in 0.557733 seconds 
  Import took 0.565495 seconds .

========================================================================
Received Import Request.
  Time since last request: 0.000341 seconds.
  path: Assets/Space Shooter Visual Assets/PNG/playerShip3_orange.png
  artifactKey: Guid(9787ead9e5ab35245aafe378842eb957) Importer(815301076,1909f56bfc062723c751e8b465ee728b)
Start importing Assets/Space Shooter Visual Assets/PNG/playerShip3_orange.png using Guid(9787ead9e5ab35245aafe378842eb957) Importer(815301076,1909f56bfc062723c751e8b465ee728b)  -> (artifact id: '76188af07d2a2b3987b31f86e957339f') in 0.627067 seconds 
  Import took 0.634672 seconds .

========================================================================
Received Import Request.
  Time since last request: 0.000363 seconds.
  path: Assets/Animations/Pinky Dialogo/Parando/Pink_Dash_Speak1.png
  artifactKey: Guid(41bd46bcd0f62b145a614ab5df053ba9) Importer(815301076,1909f56bfc062723c751e8b465ee728b)
Start importing Assets/Animations/Pinky Dialogo/Parando/Pink_Dash_Speak1.png using Guid(41bd46bcd0f62b145a614ab5df053ba9) Importer(815301076,1909f56bfc062723c751e8b465ee728b)  -> (artifact id: 'ec7131efb7c9746b6894c1dba5b69b42') in 0.139906 seconds 
  Import took 0.145899 seconds .

========================================================================
Received Import Request.
  Time since last request: 0.000310 seconds.
  path: Assets/Animations/Pinky Dialogo/Parando/Pink_Dash_Speak6.png
  artifactKey: Guid(c3480e158752be54a9754a8018ecf408) Importer(815301076,1909f56bfc062723c751e8b465ee728b)
Start importing Assets/Animations/Pinky Dialogo/Parando/Pink_Dash_Speak6.png using Guid(c3480e158752be54a9754a8018ecf408) Importer(815301076,1909f56bfc062723c751e8b465ee728b)  -> (artifact id: '0e63352e76947bd811e0a5f121e0a2ad') in 0.096367 seconds 
  Import took 0.102955 seconds .

========================================================================
Received Import Request.
  Time since last request: 0.000266 seconds.
  path: Assets/Space Shooter Visual Assets/PNG/playerShip3_red.png
  artifactKey: Guid(14019c7097488dc4698d4389155e30d6) Importer(815301076,1909f56bfc062723c751e8b465ee728b)
Start importing Assets/Space Shooter Visual Assets/PNG/playerShip3_red.png using Guid(14019c7097488dc4698d4389155e30d6) Importer(815301076,1909f56bfc062723c751e8b465ee728b)  -> (artifact id: '2bd89f4e217a507a1318ffb4a07a85b7') in 0.329444 seconds 
  Import took 0.338124 seconds .

========================================================================
Received Import Request.
  Time since last request: 0.000331 seconds.
  path: Assets/Space Shooter Visual Assets/PNG/playerShip1_blue.png
  artifactKey: Guid(85a23b3945c64ce49aee7b0f97623cc0) Importer(815301076,1909f56bfc062723c751e8b465ee728b)
Start importing Assets/Space Shooter Visual Assets/PNG/playerShip1_blue.png using Guid(85a23b3945c64ce49aee7b0f97623cc0) Importer(815301076,1909f56bfc062723c751e8b465ee728b)  -> (artifact id: 'af60e19de6cba3ec06f0bca930131b7e') in 0.195584 seconds 
  Import took 0.201100 seconds .

========================================================================
Received Import Request.
  Time since last request: 0.000337 seconds.
  path: Assets/Scripts/Cave/PlayerCavTest.cs
  artifactKey: Guid(679a33b0310d6d340974f6476eeac57c) Importer(815301076,1909f56bfc062723c751e8b465ee728b)
Start importing Assets/Scripts/Cave/PlayerCavTest.cs using Guid(679a33b0310d6d340974f6476eeac57c) Importer(815301076,1909f56bfc062723c751e8b465ee728b)  -> (artifact id: 'e7cb5dd42169f4a495abd2dac0f47a0d') in 0.012165 seconds 
  Import took 0.018136 seconds .

========================================================================
Received Import Request.
  Time since last request: 0.000285 seconds.
  path: Assets/Space Shooter Visual Assets/PNG/playerShip1_red.png
  artifactKey: Guid(308b3bdf90d37514a85187ca87aa1a60) Importer(815301076,1909f56bfc062723c751e8b465ee728b)
Start importing Assets/Space Shooter Visual Assets/PNG/playerShip1_red.png using Guid(308b3bdf90d37514a85187ca87aa1a60) Importer(815301076,1909f56bfc062723c751e8b465ee728b)  -> (artifact id: 'd8a9a7ed7bf47f9792547f96f8ae6129') in 0.138441 seconds 
  Import took 0.145227 seconds .

========================================================================
Received Import Request.
  Time since last request: 0.000263 seconds.
  path: Assets/Animations/Pinky Cav/Death/Pink_Death1.png
  artifactKey: Guid(081d8285045142f499b9594639db0d4e) Importer(815301076,1909f56bfc062723c751e8b465ee728b)
Start importing Assets/Animations/Pinky Cav/Death/Pink_Death1.png using Guid(081d8285045142f499b9594639db0d4e) Importer(815301076,1909f56bfc062723c751e8b465ee728b)  -> (artifact id: '8284bb3179c03aa6720eca1cb7f97eb2') in 0.563565 seconds 
  Import took 0.570482 seconds .

========================================================================
Received Import Request.
  Time since last request: 0.000331 seconds.
  path: Assets/Space Shooter Visual Assets/PNG/UI/playerLife1_blue.png
  artifactKey: Guid(9b668058aa6ff014b87555f0e25c5778) Importer(815301076,1909f56bfc062723c751e8b465ee728b)
Start importing Assets/Space Shooter Visual Assets/PNG/UI/playerLife1_blue.png using Guid(9b668058aa6ff014b87555f0e25c5778) Importer(815301076,1909f56bfc062723c751e8b465ee728b)  -> (artifact id: '40f6732b4def6b3575520f986148bae1') in 0.514664 seconds 
  Import took 0.522298 seconds .

========================================================================
Received Import Request.
  Time since last request: 0.000340 seconds.
  path: Assets/Animations/Pinky Dialogo/Dead/Death 1/Pink_Death1.png
  artifactKey: Guid(adefba28df6049f40bb3d8821e544a68) Importer(815301076,1909f56bfc062723c751e8b465ee728b)
Start importing Assets/Animations/Pinky Dialogo/Dead/Death 1/Pink_Death1.png using Guid(adefba28df6049f40bb3d8821e544a68) Importer(815301076,1909f56bfc062723c751e8b465ee728b)  -> (artifact id: 'c7f2485901b912046f813c1f79ef6135') in 0.024573 seconds 
  Import took 0.033421 seconds .

========================================================================
Received Import Request.
  Time since last request: 0.000304 seconds.
  path: Assets/Animations/Pinky Cav/Death/Pink_Death3.png
  artifactKey: Guid(913af994580f7dd469f07e148578baba) Importer(815301076,1909f56bfc062723c751e8b465ee728b)
Start importing Assets/Animations/Pinky Cav/Death/Pink_Death3.png using Guid(913af994580f7dd469f07e148578baba) Importer(815301076,1909f56bfc062723c751e8b465ee728b)  -> (artifact id: '33bcdd0d0fc5a9b432eefb4b1927bcf2') in 0.275037 seconds 
  Import took 0.287006 seconds .

========================================================================
Received Import Request.
  Time since last request: 0.000475 seconds.
  path: Assets/Prefabs/Nave/Player.prefab
  artifactKey: Guid(56d6e8ddb77cb0449874028348b5c46f) Importer(815301076,1909f56bfc062723c751e8b465ee728b)
Start importing Assets/Prefabs/Nave/Player.prefab using Guid(56d6e8ddb77cb0449874028348b5c46f) Importer(815301076,1909f56bfc062723c751e8b465ee728b)  -> (artifact id: '104357f9793cd96507570c6dae685c82') in 1.762587 seconds 
  Import took 1.768140 seconds .

========================================================================
Received Import Request.
  Time since last request: 0.000412 seconds.
  path: Assets/Prefabs/Tutorial/PlayerTut.prefab
  artifactKey: Guid(db80494e4af0b994080416b1d3f25343) Importer(815301076,1909f56bfc062723c751e8b465ee728b)
Start importing Assets/Prefabs/Tutorial/PlayerTut.prefab using Guid(db80494e4af0b994080416b1d3f25343) Importer(815301076,1909f56bfc062723c751e8b465ee728b)  -> (artifact id: '8f6933ad8d75e277539d3eaf704374f9') in 0.500214 seconds 
  Import took 0.508246 seconds .

========================================================================
Received Import Request.
  Time since last request: 0.000322 seconds.
  path: Assets/Animations/Pinky Tutorial/Dead/Death 1/Pink_Death2.png
  artifactKey: Guid(d7995b3393fadb9439fc51a54db5d606) Importer(815301076,1909f56bfc062723c751e8b465ee728b)
Start importing Assets/Animations/Pinky Tutorial/Dead/Death 1/Pink_Death2.png using Guid(d7995b3393fadb9439fc51a54db5d606) Importer(815301076,1909f56bfc062723c751e8b465ee728b)  -> (artifact id: 'e4fc5ae11b563d1f126feded4999fa15') in 0.099789 seconds 
  Import took 0.109153 seconds .

========================================================================
Received Import Request.
  Time since last request: 0.000354 seconds.
  path: Assets/Space Shooter Visual Assets/PNG/UI/playerLife2_green.png
  artifactKey: Guid(59110578aca256748860937c55e9e0ad) Importer(815301076,1909f56bfc062723c751e8b465ee728b)
Start importing Assets/Space Shooter Visual Assets/PNG/UI/playerLife2_green.png using Guid(59110578aca256748860937c55e9e0ad) Importer(815301076,1909f56bfc062723c751e8b465ee728b)  -> (artifact id: 'b8a7a8a46381a4b4a3b57b4ee26ad18c') in 0.079702 seconds 
  Import took 0.088177 seconds .

========================================================================
Received Import Request.
  Time since last request: 0.000271 seconds.
  path: Assets/Animations/Pinky Dialogo/Dead/Death 1/Pink_Death2.png
  artifactKey: Guid(2e679cfb26298764a9360712bd009625) Importer(815301076,1909f56bfc062723c751e8b465ee728b)
Start importing Assets/Animations/Pinky Dialogo/Dead/Death 1/Pink_Death2.png using Guid(2e679cfb26298764a9360712bd009625) Importer(815301076,1909f56bfc062723c751e8b465ee728b)  -> (artifact id: '481609324e09d22f0f91976c726de0c3') in 0.017020 seconds 
  Import took 0.022686 seconds .

========================================================================
Received Import Request.
  Time since last request: 0.000263 seconds.
  path: Assets/Space Shooter Visual Assets/PNG/playerShip3_green.png
  artifactKey: Guid(4b2e9c9d3dc66194db321a29718aea23) Importer(815301076,1909f56bfc062723c751e8b465ee728b)
Start importing Assets/Space Shooter Visual Assets/PNG/playerShip3_green.png using Guid(4b2e9c9d3dc66194db321a29718aea23) Importer(815301076,1909f56bfc062723c751e8b465ee728b)  -> (artifact id: '03bb2d643f6ad48c01125bc3f58f606a') in 0.054193 seconds 
  Import took 0.061400 seconds .

========================================================================
Received Import Request.
  Time since last request: 0.000247 seconds.
  path: Assets/Space Shooter Visual Assets/PNG/Damage/playerShip1_damage2.png
  artifactKey: Guid(e1e74a89294b3854783aa83847e0976e) Importer(815301076,1909f56bfc062723c751e8b465ee728b)
Start importing Assets/Space Shooter Visual Assets/PNG/Damage/playerShip1_damage2.png using Guid(e1e74a89294b3854783aa83847e0976e) Importer(815301076,1909f56bfc062723c751e8b465ee728b)  -> (artifact id: '53095ec6f242372d54c1db08713f32e1') in 0.303053 seconds 
  Import took 0.308241 seconds .

========================================================================
Received Import Request.
  Time since last request: 0.000379 seconds.
  path: Assets/Materials/PlayerMaterial.physicsMaterial2D
  artifactKey: Guid(9aa5be55d523c974782a5d1204931041) Importer(815301076,1909f56bfc062723c751e8b465ee728b)
Start importing Assets/Materials/PlayerMaterial.physicsMaterial2D using Guid(9aa5be55d523c974782a5d1204931041) Importer(815301076,1909f56bfc062723c751e8b465ee728b)  -> (artifact id: '850c68f641271b2484561e2fc57804b9') in 0.061368 seconds 
  Import took 0.067150 seconds .

========================================================================
Received Import Request.
  Time since last request: 0.000353 seconds.
  path: Assets/Space Shooter Visual Assets/PNG/Damage/playerShip2_damage3.png
  artifactKey: Guid(7c959ae00cefd7f4bbdcfca1886b4c9e) Importer(815301076,1909f56bfc062723c751e8b465ee728b)
Start importing Assets/Space Shooter Visual Assets/PNG/Damage/playerShip2_damage3.png using Guid(7c959ae00cefd7f4bbdcfca1886b4c9e) Importer(815301076,1909f56bfc062723c751e8b465ee728b)  -> (artifact id: 'ffe23f3abb683f86eba359ee14bd7779') in 1.025709 seconds 
  Import took 1.030529 seconds .

========================================================================
Received Import Request.
  Time since last request: 0.000353 seconds.
  path: Assets/Animations/Pinky Dialogo/Parando/Pink_Dash_Speak5.png
  artifactKey: Guid(b44e815c7b098524aa33252d0b4b7e17) Importer(815301076,1909f56bfc062723c751e8b465ee728b)
Start importing Assets/Animations/Pinky Dialogo/Parando/Pink_Dash_Speak5.png using Guid(b44e815c7b098524aa33252d0b4b7e17) Importer(815301076,1909f56bfc062723c751e8b465ee728b)  -> (artifact id: '212550a82a8659b14fd3757867d8d2ec') in 0.146626 seconds 
  Import took 0.152248 seconds .

========================================================================
Received Import Request.
  Time since last request: 0.000255 seconds.
  path: Assets/Prefabs/Music Player.prefab
  artifactKey: Guid(b8762e899948398408631066de83d8f0) Importer(815301076,1909f56bfc062723c751e8b465ee728b)
Start importing Assets/Prefabs/Music Player.prefab using Guid(b8762e899948398408631066de83d8f0) Importer(815301076,1909f56bfc062723c751e8b465ee728b)  -> (artifact id: '88c0ec1d6cb921701c57f15c1fe94edd') in 0.074060 seconds 
  Import took 0.080957 seconds .

========================================================================
Received Import Request.
  Time since last request: 0.000345 seconds.
  path: Assets/Space Shooter Visual Assets/PNG/Damage/playerShip3_damage2.png
  artifactKey: Guid(853d8887544dca0488b1c79f7648ba1b) Importer(815301076,1909f56bfc062723c751e8b465ee728b)
Start importing Assets/Space Shooter Visual Assets/PNG/Damage/playerShip3_damage2.png using Guid(853d8887544dca0488b1c79f7648ba1b) Importer(815301076,1909f56bfc062723c751e8b465ee728b)  -> (artifact id: '6dbe9d1977cc2398db9edf7637c8e5ab') in 1.379625 seconds 
  Import took 1.385354 seconds .

========================================================================
Received Import Request.
  Time since last request: 0.000407 seconds.
  path: Assets/Prefabs/Caverna/PlayerCav.prefab
  artifactKey: Guid(ac9134c8595b3714fa621e650a2f4e5f) Importer(815301076,1909f56bfc062723c751e8b465ee728b)
Start importing Assets/Prefabs/Caverna/PlayerCav.prefab using Guid(ac9134c8595b3714fa621e650a2f4e5f) Importer(815301076,1909f56bfc062723c751e8b465ee728b)  -> (artifact id: 'da08127d69fbc21c88c318b8efb499cd') in 2.999315 seconds 
  Import took 3.004944 seconds .

========================================================================
Received Import Request.
  Time since last request: 0.000336 seconds.
  path: Assets/Space Shooter Visual Assets/PNG/Damage/playerShip3_damage3.png
  artifactKey: Guid(0d568e18ed15ad54597fbe418a36007c) Importer(815301076,1909f56bfc062723c751e8b465ee728b)
Start importing Assets/Space Shooter Visual Assets/PNG/Damage/playerShip3_damage3.png using Guid(0d568e18ed15ad54597fbe418a36007c) Importer(815301076,1909f56bfc062723c751e8b465ee728b)  -> (artifact id: 'bf4aa98039f6a3876a2b2d7c9d5c0d42') in 0.382350 seconds 
  Import took 0.393283 seconds .

========================================================================
Received Import Request.
  Time since last request: 0.000279 seconds.
  path: Assets/Animations/Pinky Tutorial/Dead/Death 1/Pink_Death3.png
  artifactKey: Guid(ed9bb3aee9843f249a108523e172ef88) Importer(815301076,1909f56bfc062723c751e8b465ee728b)
Start importing Assets/Animations/Pinky Tutorial/Dead/Death 1/Pink_Death3.png using Guid(ed9bb3aee9843f249a108523e172ef88) Importer(815301076,1909f56bfc062723c751e8b465ee728b)  -> (artifact id: '256adc96587ad4fe6b9825d3ac607309') in 0.036017 seconds 
  Import took 0.055639 seconds .

========================================================================
Received Import Request.
  Time since last request: 0.000262 seconds.
  path: Assets/Space Shooter Visual Assets/PNG/playerShip2_red.png
  artifactKey: Guid(9edd0ad1eacf4fd4d93e770266e31175) Importer(815301076,1909f56bfc062723c751e8b465ee728b)
Start importing Assets/Space Shooter Visual Assets/PNG/playerShip2_red.png using Guid(9edd0ad1eacf4fd4d93e770266e31175) Importer(815301076,1909f56bfc062723c751e8b465ee728b)  -> (artifact id: '989321f1f8e5e84e53b554040635fe64') in 0.194601 seconds 
  Import took 0.211017 seconds .

========================================================================
Received Import Request.
  Time since last request: 0.000300 seconds.
  path: Assets/Space Shooter Visual Assets/PNG/UI/playerLife2_orange.png
  artifactKey: Guid(a8680593b818ba54ca32911caf7ff26f) Importer(815301076,1909f56bfc062723c751e8b465ee728b)
Start importing Assets/Space Shooter Visual Assets/PNG/UI/playerLife2_orange.png using Guid(a8680593b818ba54ca32911caf7ff26f) Importer(815301076,1909f56bfc062723c751e8b465ee728b)  -> (artifact id: '0fdd75076d89989c3af158f51c58d084') in 0.214391 seconds 
  Import took 0.222209 seconds .

========================================================================
Received Import Request.
  Time since last request: 0.000278 seconds.
  path: Assets/Space Shooter Visual Assets/PNG/Damage/playerShip1_damage3.png
  artifactKey: Guid(71bc832389195a44b8268ad58a56e33c) Importer(815301076,1909f56bfc062723c751e8b465ee728b)
Start importing Assets/Space Shooter Visual Assets/PNG/Damage/playerShip1_damage3.png using Guid(71bc832389195a44b8268ad58a56e33c) Importer(815301076,1909f56bfc062723c751e8b465ee728b)  -> (artifact id: '9cf1a0f83d99b6a82bed4ee1529f9995') in 0.838181 seconds 
  Import took 0.846681 seconds .

========================================================================
Received Import Request.
  Time since last request: 0.000383 seconds.
  path: Assets/Space Shooter Visual Assets/PNG/UI/playerLife1_red.png
  artifactKey: Guid(baf017dec6867014b9ac063829bf5c54) Importer(815301076,1909f56bfc062723c751e8b465ee728b)
Start importing Assets/Space Shooter Visual Assets/PNG/UI/playerLife1_red.png using Guid(baf017dec6867014b9ac063829bf5c54) Importer(815301076,1909f56bfc062723c751e8b465ee728b)  -> (artifact id: 'd91527b2b85a0b0ac1729ed1f63155fd') in 0.639671 seconds 
  Import took 0.645126 seconds .

========================================================================
Received Import Request.
  Time since last request: 0.000309 seconds.
  path: Assets/Animations/Pinky Cav/Death/Pink_Death2.png
  artifactKey: Guid(edccac186239c67479c95fb830502d1f) Importer(815301076,1909f56bfc062723c751e8b465ee728b)
Start importing Assets/Animations/Pinky Cav/Death/Pink_Death2.png using Guid(edccac186239c67479c95fb830502d1f) Importer(815301076,1909f56bfc062723c751e8b465ee728b)  -> (artifact id: 'a4b9b4bdeaca8ead6e0e3b2d9e0612ec') in 0.828489 seconds 
  Import took 0.834243 seconds .

========================================================================
Received Import Request.
  Time since last request: 0.000362 seconds.
  path: Assets/Space Shooter Visual Assets/PNG/Damage/playerShip2_damage2.png
  artifactKey: Guid(6bb57ff39b63dcc41aff35a98f3b72ae) Importer(815301076,1909f56bfc062723c751e8b465ee728b)
Start importing Assets/Space Shooter Visual Assets/PNG/Damage/playerShip2_damage2.png using Guid(6bb57ff39b63dcc41aff35a98f3b72ae) Importer(815301076,1909f56bfc062723c751e8b465ee728b)  -> (artifact id: '186d044224c2665087921ca1d7cc99a6') in 1.265993 seconds 
  Import took 1.271055 seconds .

========================================================================
Received Import Request.
  Time since last request: 0.000445 seconds.
  path: Assets/Space Shooter Visual Assets/PNG/playerShip1_green.png
  artifactKey: Guid(00eef853793a2ff4b85f5cc26cc0b563) Importer(815301076,1909f56bfc062723c751e8b465ee728b)
Start importing Assets/Space Shooter Visual Assets/PNG/playerShip1_green.png using Guid(00eef853793a2ff4b85f5cc26cc0b563) Importer(815301076,1909f56bfc062723c751e8b465ee728b)  -> (artifact id: '7a3d327110671cf9b2a0f46470971be7') in 0.395599 seconds 
  Import took 0.401389 seconds .

========================================================================
Received Import Request.
  Time since last request: 0.000376 seconds.
  path: Assets/Space Shooter Visual Assets/PNG/playerShip1_orange.png
  artifactKey: Guid(20b94a50774c2a44f9b6c4632ca4786a) Importer(815301076,1909f56bfc062723c751e8b465ee728b)
Start importing Assets/Space Shooter Visual Assets/PNG/playerShip1_orange.png using Guid(20b94a50774c2a44f9b6c4632ca4786a) Importer(815301076,1909f56bfc062723c751e8b465ee728b)  -> (artifact id: '00d169b7d386e189cad6bc9b1a1edcef') in 0.179059 seconds 
  Import took 0.186224 seconds .

========================================================================
Received Import Request.
  Time since last request: 0.000382 seconds.
  path: Assets/Space Shooter Visual Assets/PNG/playerShip2_green.png
  artifactKey: Guid(c769a86b25742b4478fb686f248389c5) Importer(815301076,1909f56bfc062723c751e8b465ee728b)
Start importing Assets/Space Shooter Visual Assets/PNG/playerShip2_green.png using Guid(c769a86b25742b4478fb686f248389c5) Importer(815301076,1909f56bfc062723c751e8b465ee728b)  -> (artifact id: '64b3386e358e46abaef0f262736246a2') in 0.262946 seconds 
  Import took 0.269632 seconds .

========================================================================
Received Import Request.
  Time since last request: 0.000305 seconds.
  path: Assets/Animations/Pinky Dialogo/Dead/Death 1/Pink_Death3.png
  artifactKey: Guid(564b3a80d98d5cd468d90ea225a95ba3) Importer(815301076,1909f56bfc062723c751e8b465ee728b)
Start importing Assets/Animations/Pinky Dialogo/Dead/Death 1/Pink_Death3.png using Guid(564b3a80d98d5cd468d90ea225a95ba3) Importer(815301076,1909f56bfc062723c751e8b465ee728b)  -> (artifact id: 'd8d555ed62bc10c5509cff080fd760c4') in 0.014232 seconds 
  Import took 0.019630 seconds .

========================================================================
Received Import Request.
  Time since last request: 0.000371 seconds.
  path: Assets/Animations/Pinky Dialogo/Parando/Pink_Dash_Speak2.png
  artifactKey: Guid(4d3697f77e5da0745bfeeed0163c0ff8) Importer(815301076,1909f56bfc062723c751e8b465ee728b)
Start importing Assets/Animations/Pinky Dialogo/Parando/Pink_Dash_Speak2.png using Guid(4d3697f77e5da0745bfeeed0163c0ff8) Importer(815301076,1909f56bfc062723c751e8b465ee728b)  -> (artifact id: 'ea708030b0ed4a9be09c63a14229cc5b') in 0.071052 seconds 
  Import took 0.078859 seconds .

========================================================================
Received Import Request.
  Time since last request: 0.000484 seconds.
  path: Assets/Space Shooter Visual Assets/PNG/playerShip2_blue.png
  artifactKey: Guid(344b45d0431f2764592e79a142e08951) Importer(815301076,1909f56bfc062723c751e8b465ee728b)
Start importing Assets/Space Shooter Visual Assets/PNG/playerShip2_blue.png using Guid(344b45d0431f2764592e79a142e08951) Importer(815301076,1909f56bfc062723c751e8b465ee728b)  -> (artifact id: 'f649e05da5300bdc2972eb90ce5d482d') in 0.069071 seconds 
  Import took 0.076810 seconds .

========================================================================
Received Import Request.
  Time since last request: 0.000373 seconds.
  path: Assets/Space Shooter Visual Assets/PNG/UI/playerLife1_green.png
  artifactKey: Guid(7cf9e1f58b77b0b4f815551d55aeafeb) Importer(815301076,1909f56bfc062723c751e8b465ee728b)
Start importing Assets/Space Shooter Visual Assets/PNG/UI/playerLife1_green.png using Guid(7cf9e1f58b77b0b4f815551d55aeafeb) Importer(815301076,1909f56bfc062723c751e8b465ee728b)  -> (artifact id: '8f3838995d6835f5a29579c97e2bf2c6') in 0.112404 seconds 
  Import took 0.118129 seconds .

========================================================================
Received Import Request.
  Time since last request: 0.000342 seconds.
  path: Assets/Scripts/Tutorial/PlayerController.cs
  artifactKey: Guid(27ec2a39198504c4a9d31e280f603935) Importer(815301076,1909f56bfc062723c751e8b465ee728b)
Start importing Assets/Scripts/Tutorial/PlayerController.cs using Guid(27ec2a39198504c4a9d31e280f603935) Importer(815301076,1909f56bfc062723c751e8b465ee728b)  -> (artifact id: '46dbe58d38599bf2a8dfebc176c67674') in 0.037691 seconds 
  Import took 0.042988 seconds .

========================================================================
Received Import Request.
  Time since last request: 0.000377 seconds.
  path: Assets/Animations/Pinky Cav/Death/Pink_Death4.png
  artifactKey: Guid(49af12634e62f804f85440f3096f05a0) Importer(815301076,1909f56bfc062723c751e8b465ee728b)
Start importing Assets/Animations/Pinky Cav/Death/Pink_Death4.png using Guid(49af12634e62f804f85440f3096f05a0) Importer(815301076,1909f56bfc062723c751e8b465ee728b)  -> (artifact id: '55945be132b070fa7feaef6e079c4e77') in 0.231776 seconds 
  Import took 0.236806 seconds .

========================================================================
Received Import Request.
  Time since last request: 0.000251 seconds.
  path: Assets/Space Shooter Visual Assets/PNG/UI/playerLife3_red.png
  artifactKey: Guid(396eaef5d6047a64f8dacdc5ccb9b24e) Importer(815301076,1909f56bfc062723c751e8b465ee728b)
Start importing Assets/Space Shooter Visual Assets/PNG/UI/playerLife3_red.png using Guid(396eaef5d6047a64f8dacdc5ccb9b24e) Importer(815301076,1909f56bfc062723c751e8b465ee728b)  -> (artifact id: '8c1e7a2b5f537468d6f679b7b33bbdef') in 0.181960 seconds 
  Import took 0.188968 seconds .

========================================================================
Received Import Request.
  Time since last request: 0.000257 seconds.
  path: Assets/Animations/Pinky Dialogo/Parando/Pink_Dash_Speak4.png
  artifactKey: Guid(d7a7c1d77fb98e842a567546268f1be8) Importer(815301076,1909f56bfc062723c751e8b465ee728b)
Start importing Assets/Animations/Pinky Dialogo/Parando/Pink_Dash_Speak4.png using Guid(d7a7c1d77fb98e842a567546268f1be8) Importer(815301076,1909f56bfc062723c751e8b465ee728b)  -> (artifact id: '103060f249f55af3ca4ac7406689bc82') in 0.049801 seconds 
  Import took 0.055722 seconds .

========================================================================
Received Import Request.
  Time since last request: 0.000243 seconds.
  path: Assets/Animations/Pinky Dialogo/Parando/Pink_Dash_Speak7.png
  artifactKey: Guid(24a98cd4e9eeb28468533d8a4a0f6578) Importer(815301076,1909f56bfc062723c751e8b465ee728b)
Start importing Assets/Animations/Pinky Dialogo/Parando/Pink_Dash_Speak7.png using Guid(24a98cd4e9eeb28468533d8a4a0f6578) Importer(815301076,1909f56bfc062723c751e8b465ee728b)  -> (artifact id: '9f1756cb3056aad36915fb99c3ecd6e0') in 0.167404 seconds 
  Import took 0.173974 seconds .

========================================================================
Received Import Request.
  Time since last request: 0.000407 seconds.
  path: Assets/Animations/Pinky Dialogo/Parando/Pink_Dash_Speak3.png
  artifactKey: Guid(db9ec131a3b1aa343b22c0b7b9521029) Importer(815301076,1909f56bfc062723c751e8b465ee728b)
Start importing Assets/Animations/Pinky Dialogo/Parando/Pink_Dash_Speak3.png using Guid(db9ec131a3b1aa343b22c0b7b9521029) Importer(815301076,1909f56bfc062723c751e8b465ee728b)  -> (artifact id: '92196d3d7bcde88b9ef0f0f15168b77f') in 0.070809 seconds 
  Import took 0.077886 seconds .

========================================================================
Received Import Request.
  Time since last request: 0.000248 seconds.
  path: Assets/Space Shooter Visual Assets/PNG/UI/playerLife1_orange.png
  artifactKey: Guid(2a30732eabc65574ea0835c7785dec0f) Importer(815301076,1909f56bfc062723c751e8b465ee728b)
Start importing Assets/Space Shooter Visual Assets/PNG/UI/playerLife1_orange.png using Guid(2a30732eabc65574ea0835c7785dec0f) Importer(815301076,1909f56bfc062723c751e8b465ee728b)  -> (artifact id: '7f9bf1f9e25f525e50ebdaf1550aa714') in 0.097133 seconds 
  Import took 0.102782 seconds .

========================================================================
Received Import Request.
  Time since last request: 0.000257 seconds.
  path: Assets/Animations/Pinky Dialogo/Parando/Pink_Dash_Speak8.png
  artifactKey: Guid(a2eeb40bb959ec747b9299b4a73d5f45) Importer(815301076,1909f56bfc062723c751e8b465ee728b)
Start importing Assets/Animations/Pinky Dialogo/Parando/Pink_Dash_Speak8.png using Guid(a2eeb40bb959ec747b9299b4a73d5f45) Importer(815301076,1909f56bfc062723c751e8b465ee728b)  -> (artifact id: 'a2d1c73bc7690c5cedb16c444dd303e6') in 0.152139 seconds 
  Import took 0.158365 seconds .

========================================================================
Received Import Request.
  Time since last request: 0.000327 seconds.
  path: Assets/Imagens/Nave/playerShip3_blue.png
  artifactKey: Guid(e8c062218ab3eb142b63be9808ca56ef) Importer(815301076,1909f56bfc062723c751e8b465ee728b)
Start importing Assets/Imagens/Nave/playerShip3_blue.png using Guid(e8c062218ab3eb142b63be9808ca56ef) Importer(815301076,1909f56bfc062723c751e8b465ee728b)  -> (artifact id: '61364f5e7f7f3c6310750fd3af65f69b') in 0.144699 seconds 
  Import took 0.152015 seconds .

========================================================================
Received Import Request.
  Time since last request: 0.000323 seconds.
  path: Assets/Prefabs/Tutorial/Mini Pinky Pulo.prefab
  artifactKey: Guid(aae8f10fded3dce4a9cc64fb367cf8ba) Importer(815301076,1909f56bfc062723c751e8b465ee728b)
Start importing Assets/Prefabs/Tutorial/Mini Pinky Pulo.prefab using Guid(aae8f10fded3dce4a9cc64fb367cf8ba) Importer(815301076,1909f56bfc062723c751e8b465ee728b)  -> (artifact id: '2975ececca130975020f23004236966f') in 0.178371 seconds 
  Import took 0.185533 seconds .

========================================================================
Received Import Request.
  Time since last request: 0.000302 seconds.
  path: Assets/Space Shooter Visual Assets/PNG/Damage/playerShip3_damage1.png
  artifactKey: Guid(308c0bee32ddf7146b0ed85c1d46e30b) Importer(815301076,1909f56bfc062723c751e8b465ee728b)
Start importing Assets/Space Shooter Visual Assets/PNG/Damage/playerShip3_damage1.png using Guid(308c0bee32ddf7146b0ed85c1d46e30b) Importer(815301076,1909f56bfc062723c751e8b465ee728b)  -> (artifact id: '589545994c9ac5061335e42ad60b2309') in 0.158402 seconds 
  Import took 0.165738 seconds .

========================================================================
Received Import Request.
  Time since last request: 0.000373 seconds.
  path: Assets/Animations/Pinky Tutorial/Dead/Death 1/Pink_Death1.png
  artifactKey: Guid(e64e1c978843b8e409680a53084aecd7) Importer(815301076,1909f56bfc062723c751e8b465ee728b)
Start importing Assets/Animations/Pinky Tutorial/Dead/Death 1/Pink_Death1.png using Guid(e64e1c978843b8e409680a53084aecd7) Importer(815301076,1909f56bfc062723c751e8b465ee728b)  -> (artifact id: '7cbe2356fbf4cec2d43afa639a373bbd') in 0.019958 seconds 
  Import took 0.026312 seconds .

========================================================================
Received Import Request.
  Time since last request: 0.000311 seconds.
  path: Assets/Animations/Pinky Dialogo/Dead/Death 1/Pink_Death4.png
  artifactKey: Guid(8f377329faa50524c95b9a01fc740e49) Importer(815301076,1909f56bfc062723c751e8b465ee728b)
Start importing Assets/Animations/Pinky Dialogo/Dead/Death 1/Pink_Death4.png using Guid(8f377329faa50524c95b9a01fc740e49) Importer(815301076,1909f56bfc062723c751e8b465ee728b)  -> (artifact id: 'dbc255f5781de1597b49430d74a90ad1') in 0.022360 seconds 
  Import took 0.030291 seconds .

========================================================================
Received Import Request.
  Time since last request: 0.000296 seconds.
  path: Assets/Space Shooter Visual Assets/PNG/UI/playerLife3_green.png
  artifactKey: Guid(007fbcd1cef42ce4781a3162a3dc4971) Importer(815301076,1909f56bfc062723c751e8b465ee728b)
Start importing Assets/Space Shooter Visual Assets/PNG/UI/playerLife3_green.png using Guid(007fbcd1cef42ce4781a3162a3dc4971) Importer(815301076,1909f56bfc062723c751e8b465ee728b)  -> (artifact id: 'f4f821d027facc7b6436af38a11122bd') in 0.103604 seconds 
  Import took 0.111093 seconds .

========================================================================
Received Import Request.
  Time since last request: 675.760665 seconds.
  path: Assets/Scripts/Tutorial/PlayerController.cs
  artifactKey: Guid(27ec2a39198504c4a9d31e280f603935) Importer(815301076,1909f56bfc062723c751e8b465ee728b)
Start importing Assets/Scripts/Tutorial/PlayerController.cs using Guid(27ec2a39198504c4a9d31e280f603935) Importer(815301076,1909f56bfc062723c751e8b465ee728b)  -> (artifact id: 'd4e7044c46b402afe99e390677b1471f') in 0.009664 seconds 
  Import took 0.030919 seconds .

========================================================================
Received Prepare
Registering precompiled user dll's ...
Registered in 0.005296 seconds.
Begin MonoManager ReloadAssembly
Native extension for WindowsStandalone target not found
Refreshing native plugins compatible for Editor in 0.78 ms, found 3 plugins.
Preloading 0 native plugins for Editor in 0.00 ms.
Mono: successfully reloaded assembly
- Completed reload, in  1.698 seconds
Domain Reload Profiling:
	ReloadAssembly (1699ms)
		BeginReloadAssembly (177ms)
			ExecutionOrderSort (0ms)
			DisableScriptedObjects (14ms)
			BackupInstance (0ms)
			ReleaseScriptingObjects (0ms)
			CreateAndSetChildDomain (52ms)
		EndReloadAssembly (1418ms)
			LoadAssemblies (152ms)
			RebuildTransferFunctionScriptingTraits (0ms)
			SetupTypeCache (509ms)
			ReleaseScriptCaches (1ms)
			RebuildScriptCaches (80ms)
			SetupLoadedEditorAssemblies (489ms)
				LogAssemblyErrors (0ms)
				InitializePlatformSupportModulesInManaged (7ms)
				SetLoadedEditorAssemblies (1ms)
				RefreshPlugins (1ms)
				BeforeProcessingInitializeOnLoad (140ms)
				ProcessInitializeOnLoadAttributes (319ms)
				ProcessInitializeOnLoadMethodAttributes (9ms)
				AfterProcessingInitializeOnLoad (11ms)
				EditorAssembliesLoaded (0ms)
			ExecutionOrderSort2 (0ms)
			AwakeInstancesAfterBackupRestoration (16ms)
Platform modules already initialized, skipping
Refreshing native plugins compatible for Editor in 1.34 ms, found 3 plugins.
Preloading 0 native plugins for Editor in 0.00 ms.
Unloading 2170 Unused Serialized files (Serialized files now loaded: 0)
System memory in use before: 102.2 MB.
System memory in use after: 102.3 MB.

Unloading 14 unused Assets to reduce memory usage. Loaded Objects now: 2716.
Total: 9.088600 ms (FindLiveObjects: 0.417000 ms CreateObjectMapping: 0.259200 ms MarkObjects: 8.347500 ms  DeleteObjects: 0.061900 ms)

AssetImportParameters requested are different than current active one (requested -> active):
  custom:framework-win-MediaFoundation: 216162199b28c13a410421893ffa2e32 -> 
  custom:video-decoder-ogg-theora: a1e56fd34408186e4bbccfd4996cb3dc -> 
  custom:container-muxer-webm: aa71ff27fc2769a1b78a27578f13a17b -> 
  custom:container-demuxer-webm: 4f35f7cbe854078d1ac9338744f61a02 -> 
  custom:container-demuxer-ogg: 62fdf1f143b41e24485cea50d1cbac27 -> 
  custom:video-encoder-webm-vp8: eb34c28f22e8b96e1ab97ce403110664 -> 
  custom:video-codec-MediaFoundation-h265: 746d11721c4dcdbdad8f713fa42b33f4 -> 
  custom:video-decoder-webm-vp8: 9c59270c3fd7afecdb556c50c9e8de78 -> 
  custom:audio-decoder-ogg-vorbis: bf7c407c2cedff20999df2af8eb42d56 -> 
  custom:audio-encoder-webm-vorbis: bf7c407c2cedff20999df2af8eb42d56 -> 
========================================================================
Received Prepare
Registering precompiled user dll's ...
Registered in 0.008859 seconds.
Begin MonoManager ReloadAssembly
Native extension for WindowsStandalone target not found
Refreshing native plugins compatible for Editor in 0.79 ms, found 3 plugins.
Preloading 0 native plugins for Editor in 0.00 ms.
Mono: successfully reloaded assembly
- Completed reload, in  2.612 seconds
Domain Reload Profiling:
	ReloadAssembly (2613ms)
		BeginReloadAssembly (279ms)
			ExecutionOrderSort (0ms)
			DisableScriptedObjects (20ms)
			BackupInstance (0ms)
			ReleaseScriptingObjects (0ms)
			CreateAndSetChildDomain (83ms)
		EndReloadAssembly (2134ms)
			LoadAssemblies (484ms)
			RebuildTransferFunctionScriptingTraits (0ms)
			SetupTypeCache (675ms)
			ReleaseScriptCaches (1ms)
			RebuildScriptCaches (97ms)
			SetupLoadedEditorAssemblies (672ms)
				LogAssemblyErrors (0ms)
				InitializePlatformSupportModulesInManaged (7ms)
				SetLoadedEditorAssemblies (1ms)
				RefreshPlugins (1ms)
				BeforeProcessingInitializeOnLoad (197ms)
				ProcessInitializeOnLoadAttributes (444ms)
				ProcessInitializeOnLoadMethodAttributes (10ms)
				AfterProcessingInitializeOnLoad (12ms)
				EditorAssembliesLoaded (0ms)
			ExecutionOrderSort2 (0ms)
			AwakeInstancesAfterBackupRestoration (23ms)
Platform modules already initialized, skipping
Refreshing native plugins compatible for Editor in 0.88 ms, found 3 plugins.
Preloading 0 native plugins for Editor in 0.00 ms.
Unloading 2170 Unused Serialized files (Serialized files now loaded: 0)
System memory in use before: 102.3 MB.
System memory in use after: 102.4 MB.

Unloading 14 unused Assets to reduce memory usage. Loaded Objects now: 2719.
Total: 5.004800 ms (FindLiveObjects: 0.580100 ms CreateObjectMapping: 0.213100 ms MarkObjects: 4.181500 ms  DeleteObjects: 0.028100 ms)

AssetImportParameters requested are different than current active one (requested -> active):
  custom:framework-win-MediaFoundation: 216162199b28c13a410421893ffa2e32 -> 
  custom:video-decoder-ogg-theora: a1e56fd34408186e4bbccfd4996cb3dc -> 
  custom:container-muxer-webm: aa71ff27fc2769a1b78a27578f13a17b -> 
  custom:container-demuxer-webm: 4f35f7cbe854078d1ac9338744f61a02 -> 
  custom:container-demuxer-ogg: 62fdf1f143b41e24485cea50d1cbac27 -> 
  custom:video-encoder-webm-vp8: eb34c28f22e8b96e1ab97ce403110664 -> 
  custom:video-codec-MediaFoundation-h265: 746d11721c4dcdbdad8f713fa42b33f4 -> 
  custom:video-decoder-webm-vp8: 9c59270c3fd7afecdb556c50c9e8de78 -> 
  custom:audio-decoder-ogg-vorbis: bf7c407c2cedff20999df2af8eb42d56 -> 
  custom:audio-encoder-webm-vorbis: bf7c407c2cedff20999df2af8eb42d56 -> 
========================================================================
Received Prepare
Registering precompiled user dll's ...
Registered in 0.006090 seconds.
Begin MonoManager ReloadAssembly
Native extension for WindowsStandalone target not found
Refreshing native plugins compatible for Editor in 0.89 ms, found 3 plugins.
Preloading 0 native plugins for Editor in 0.00 ms.
Mono: successfully reloaded assembly
- Completed reload, in  2.138 seconds
Domain Reload Profiling:
	ReloadAssembly (2139ms)
		BeginReloadAssembly (205ms)
			ExecutionOrderSort (0ms)
			DisableScriptedObjects (15ms)
			BackupInstance (0ms)
			ReleaseScriptingObjects (0ms)
			CreateAndSetChildDomain (65ms)
		EndReloadAssembly (1804ms)
			LoadAssemblies (167ms)
			RebuildTransferFunctionScriptingTraits (0ms)
			SetupTypeCache (650ms)
			ReleaseScriptCaches (2ms)
			RebuildScriptCaches (116ms)
			SetupLoadedEditorAssemblies (648ms)
				LogAssemblyErrors (0ms)
				InitializePlatformSupportModulesInManaged (10ms)
				SetLoadedEditorAssemblies (2ms)
				RefreshPlugins (1ms)
				BeforeProcessingInitializeOnLoad (182ms)
				ProcessInitializeOnLoadAttributes (433ms)
				ProcessInitializeOnLoadMethodAttributes (9ms)
				AfterProcessingInitializeOnLoad (11ms)
				EditorAssembliesLoaded (0ms)
			ExecutionOrderSort2 (0ms)
			AwakeInstancesAfterBackupRestoration (23ms)
Platform modules already initialized, skipping
Refreshing native plugins compatible for Editor in 0.82 ms, found 3 plugins.
Preloading 0 native plugins for Editor in 0.00 ms.
Unloading 2170 Unused Serialized files (Serialized files now loaded: 0)
System memory in use before: 102.3 MB.
System memory in use after: 102.5 MB.

Unloading 14 unused Assets to reduce memory usage. Loaded Objects now: 2722.
Total: 5.395500 ms (FindLiveObjects: 0.320100 ms CreateObjectMapping: 0.180400 ms MarkObjects: 4.859100 ms  DeleteObjects: 0.033800 ms)

AssetImportParameters requested are different than current active one (requested -> active):
  custom:framework-win-MediaFoundation: 216162199b28c13a410421893ffa2e32 -> 
  custom:video-decoder-ogg-theora: a1e56fd34408186e4bbccfd4996cb3dc -> 
  custom:container-muxer-webm: aa71ff27fc2769a1b78a27578f13a17b -> 
  custom:container-demuxer-webm: 4f35f7cbe854078d1ac9338744f61a02 -> 
  custom:container-demuxer-ogg: 62fdf1f143b41e24485cea50d1cbac27 -> 
  custom:video-encoder-webm-vp8: eb34c28f22e8b96e1ab97ce403110664 -> 
  custom:video-codec-MediaFoundation-h265: 746d11721c4dcdbdad8f713fa42b33f4 -> 
  custom:video-decoder-webm-vp8: 9c59270c3fd7afecdb556c50c9e8de78 -> 
  custom:audio-decoder-ogg-vorbis: bf7c407c2cedff20999df2af8eb42d56 -> 
  custom:audio-encoder-webm-vorbis: bf7c407c2cedff20999df2af8eb42d56 -> 
========================================================================
Received Prepare
Registering precompiled user dll's ...
Registered in 0.007322 seconds.
Begin MonoManager ReloadAssembly
Native extension for WindowsStandalone target not found
Refreshing native plugins compatible for Editor in 1.52 ms, found 3 plugins.
Preloading 0 native plugins for Editor in 0.00 ms.
Mono: successfully reloaded assembly
- Completed reload, in  2.742 seconds
Domain Reload Profiling:
	ReloadAssembly (2742ms)
		BeginReloadAssembly (259ms)
			ExecutionOrderSort (0ms)
			DisableScriptedObjects (16ms)
			BackupInstance (0ms)
			ReleaseScriptingObjects (0ms)
			CreateAndSetChildDomain (78ms)
		EndReloadAssembly (2292ms)
			LoadAssemblies (255ms)
			RebuildTransferFunctionScriptingTraits (0ms)
			SetupTypeCache (988ms)
			ReleaseScriptCaches (2ms)
			RebuildScriptCaches (93ms)
			SetupLoadedEditorAssemblies (737ms)
				LogAssemblyErrors (0ms)
				InitializePlatformSupportModulesInManaged (9ms)
				SetLoadedEditorAssemblies (1ms)
				RefreshPlugins (2ms)
				BeforeProcessingInitializeOnLoad (184ms)
				ProcessInitializeOnLoadAttributes (511ms)
				ProcessInitializeOnLoadMethodAttributes (12ms)
				AfterProcessingInitializeOnLoad (18ms)
				EditorAssembliesLoaded (0ms)
			ExecutionOrderSort2 (0ms)
			AwakeInstancesAfterBackupRestoration (25ms)
Platform modules already initialized, skipping
Refreshing native plugins compatible for Editor in 0.86 ms, found 3 plugins.
Preloading 0 native plugins for Editor in 0.00 ms.
Unloading 2170 Unused Serialized files (Serialized files now loaded: 0)
System memory in use before: 102.3 MB.
System memory in use after: 102.5 MB.

Unloading 14 unused Assets to reduce memory usage. Loaded Objects now: 2725.
Total: 4.244500 ms (FindLiveObjects: 0.300900 ms CreateObjectMapping: 0.134900 ms MarkObjects: 3.778900 ms  DeleteObjects: 0.028400 ms)

AssetImportParameters requested are different than current active one (requested -> active):
  custom:framework-win-MediaFoundation: 216162199b28c13a410421893ffa2e32 -> 
  custom:video-decoder-ogg-theora: a1e56fd34408186e4bbccfd4996cb3dc -> 
  custom:container-muxer-webm: aa71ff27fc2769a1b78a27578f13a17b -> 
  custom:container-demuxer-webm: 4f35f7cbe854078d1ac9338744f61a02 -> 
  custom:container-demuxer-ogg: 62fdf1f143b41e24485cea50d1cbac27 -> 
  custom:video-encoder-webm-vp8: eb34c28f22e8b96e1ab97ce403110664 -> 
  custom:video-codec-MediaFoundation-h265: 746d11721c4dcdbdad8f713fa42b33f4 -> 
  custom:video-decoder-webm-vp8: 9c59270c3fd7afecdb556c50c9e8de78 -> 
  custom:audio-decoder-ogg-vorbis: bf7c407c2cedff20999df2af8eb42d56 -> 
  custom:audio-encoder-webm-vorbis: bf7c407c2cedff20999df2af8eb42d56 -> 
AssetImportWorkerClient::OnTransportError - code=2 error=End of file
